<?xml version="1.0" encoding="UTF-8"?>
<!-- Generated by org.testng.reporters.JUnitXMLReporter -->
<testsuite ignored="44" hostname="Todzzi" failures="0" tests="5" name="LoginUserWrongTest" time="137.236" errors="0" timestamp="2025-09-25T20:54:54 EEST">
  <testcase classname="Tests.LoginUserWrongTest" name="openSignupPage" time="1.989"/>
  <testcase classname="Tests.LoginUserWrongTest" name="createNewAccount" time="37.81"/>
  <testcase classname="Tests.LoginUserWrongTest" name="verifyAccount" time="0.032"/>
  <testcase classname="Tests.LoginUserWrongTest" name="logoutUser" time="44.687"/>
  <testcase classname="Tests.LoginUserWrongTest" name="loginWithInvalidCredentials" time="10.256"/>
  <testcase classname="Tests.RecommendedItemsTest" name="addRecommendedItemToCart" time="0.0">
    <ignored/>
  </testcase> <!-- addRecommendedItemToCart -->
  <testcase classname="Tests.LoginUserTest" name="verifyAccount" time="0.0">
    <ignored/>
  </testcase> <!-- verifyAccount -->
  <testcase classname="Tests.CartTest" name="addProductsToCart" time="0.0">
    <ignored/>
  </testcase> <!-- addProductsToCart -->
  <testcase classname="Tests.RegisterUserTest" name="createNewAccount" time="0.0">
    <ignored/>
  </testcase> <!-- createNewAccount -->
  <testcase classname="Tests.ContactUsTest" name="contactUsFormTest" time="0.0">
    <ignored/>
  </testcase> <!-- contactUsFormTest -->
  <testcase classname="Tests.LoginUserTest" name="createNewAccount" time="0.0">
    <ignored/>
  </testcase> <!-- createNewAccount -->
  <testcase classname="Tests.SearchProductTest" name="navigateToProductsPage" time="0.0">
    <ignored/>
  </testcase> <!-- navigateToProductsPage -->
  <testcase classname="Tests.LogoutUserTest" name="verifyLogin" time="0.0">
    <ignored/>
  </testcase> <!-- verifyLogin -->
  <testcase classname="Tests.LogoutUserTest" name="loginUser" time="0.0">
    <ignored/>
  </testcase> <!-- loginUser -->
  <testcase classname="Tests.CartSubscriptionTest" name="verifySubscriptionOnCartPage" time="0.0">
    <ignored/>
  </testcase> <!-- verifySubscriptionOnCartPage -->
  <testcase classname="Tests.PlaceOrderRegisterWhileCheckoutTest" name="placeOrderRegisterWhileCheckout" time="0.0">
    <ignored/>
  </testcase> <!-- placeOrderRegisterWhileCheckout -->
  <testcase classname="Tests.RegisterUserTest" name="openSignupPage" time="0.0">
    <ignored/>
  </testcase> <!-- openSignupPage -->
  <testcase classname="Tests.VerifyAddressDetailsInCheckoutTest" name="verifyAddressDetails" time="0.0">
    <ignored/>
  </testcase> <!-- verifyAddressDetails -->
  <testcase classname="Tests.ViewCartBrandProductsTest" name="viewAndCartBrandProducts" time="0.0">
    <ignored/>
  </testcase> <!-- viewAndCartBrandProducts -->
  <testcase classname="Tests.AddReviewTest" name="addReviewOnProduct" time="0.0">
    <ignored/>
  </testcase> <!-- addReviewOnProduct -->
  <testcase classname="Tests.PlaceOrderLoginBeforeCheckoutTest" name="placeOrderLoginBeforeCheckout" time="0.0">
    <ignored/>
  </testcase> <!-- placeOrderLoginBeforeCheckout -->
  <testcase classname="Tests.LoginUserTest" name="loginUser" time="0.0">
    <ignored/>
  </testcase> <!-- loginUser -->
  <testcase classname="Tests.PlaceOrderRegisterBeforeCheckoutTest" name="placeOrderRegisterBeforeCheckout" time="0.0">
    <ignored/>
  </testcase> <!-- placeOrderRegisterBeforeCheckout -->
  <testcase classname="Tests.ViewCategoryProductsTest" name="viewCategoryProducts" time="0.0">
    <ignored/>
  </testcase> <!-- viewCategoryProducts -->
  <testcase classname="Tests.ProductsPageTest" name="openHomePage" time="0.0">
    <ignored/>
  </testcase> <!-- openHomePage -->
  <testcase classname="Tests.ScrollUpWithoutArrowTest" name="verifyScrollUpWithoutArrow" time="0.0">
    <ignored/>
  </testcase> <!-- verifyScrollUpWithoutArrow -->
  <testcase classname="Tests.ScrollUpDownTest" name="verifyScrollUpAndDownFunctionality" time="0.0">
    <ignored/>
  </testcase> <!-- verifyScrollUpAndDownFunctionality -->
  <testcase classname="Tests.LogoutUserTest" name="logoutUser" time="0.0">
    <ignored/>
  </testcase> <!-- logoutUser -->
  <testcase classname="Tests.ProductsPageTest" name="navigateToProductsPage" time="0.0">
    <ignored/>
  </testcase> <!-- navigateToProductsPage -->
  <testcase classname="Tests.RemoveProductFromCartTest" name="removeProductFromCart" time="0.0">
    <ignored/>
  </testcase> <!-- removeProductFromCart -->
  <testcase classname="Tests.DownloadInvoiceTest" name="downloadInvoiceAfterPurchase" time="0.0">
    <ignored/>
  </testcase> <!-- downloadInvoiceAfterPurchase -->
  <testcase classname="Tests.RegisterUserTest" name="verifyAccount" time="0.0">
    <ignored/>
  </testcase> <!-- verifyAccount -->
  <testcase classname="Tests.LoginUserTest" name="openLoginPage" time="0.0">
    <ignored/>
  </testcase> <!-- openLoginPage -->
  <testcase classname="Tests.SearchProductsandVerifyCartAfterLoginTest" name="searchProductsAndVerifyCartAfterLogin" time="0.0">
    <ignored/>
  </testcase> <!-- searchProductsAndVerifyCartAfterLogin -->
  <testcase classname="Tests.SearchProductTest" name="openHomePage" time="0.0">
    <ignored/>
  </testcase> <!-- openHomePage -->
  <testcase classname="Tests.RegisterUserTest" name="deleteAccount" time="0.0">
    <ignored/>
  </testcase> <!-- deleteAccount -->
  <testcase classname="Tests.LoginUserTest" name="deleteAccount" time="0.0">
    <ignored/>
  </testcase> <!-- deleteAccount -->
  <testcase classname="Tests.LogoutUserTest" name="openLoginPage" time="0.0">
    <ignored/>
  </testcase> <!-- openLoginPage -->
  <testcase classname="Tests.RegisterExistingEmailTest" name="registerWithExistingEmail" time="0.0">
    <ignored/>
  </testcase> <!-- registerWithExistingEmail -->
  <testcase classname="Tests.SubscriptionTest" name="verifySubscription" time="0.0">
    <ignored/>
  </testcase> <!-- verifySubscription -->
  <testcase classname="Tests.TestCasesPageTest" name="navigateToTestCasesPage" time="0.0">
    <ignored/>
  </testcase> <!-- navigateToTestCasesPage -->
  <testcase classname="Tests.LoginUserTest" name="logoutUser" time="0.0">
    <ignored/>
  </testcase> <!-- logoutUser -->
  <testcase classname="Tests.RegisterExistingEmailTest" name="openSignupPage" time="0.0">
    <ignored/>
  </testcase> <!-- openSignupPage -->
  <testcase classname="Tests.ProductsPageTest" name="verifyFirstProductDetails" time="0.0">
    <ignored/>
  </testcase> <!-- verifyFirstProductDetails -->
  <testcase classname="Tests.VerifyProductQuantityInCartTest" name="verifyProductQuantityInCart" time="0.0">
    <ignored/>
  </testcase> <!-- verifyProductQuantityInCart -->
  <testcase classname="Tests.LoginUserTest" name="openSignupPage" time="0.0">
    <ignored/>
  </testcase> <!-- openSignupPage -->
  <testcase classname="Tests.TestCasesPageTest" name="openHomePage" time="0.0">
    <ignored/>
  </testcase> <!-- openHomePage -->
  <testcase classname="Tests.LoginUserTest" name="verify2Account" time="0.0">
    <ignored/>
  </testcase> <!-- verify2Account -->
  <testcase classname="Tests.SearchProductTest" name="searchProduct" time="0.0">
    <ignored/>
  </testcase> <!-- searchProduct -->
</testsuite> <!-- LoginUserWrongTest -->
