<?xml version="1.0" encoding="UTF-8"?>
<!-- Generated by org.testng.reporters.JUnitXMLReporter -->
<testsuite ignored="0" hostname="Todzzi" failures="0" tests="4" name="LogoutUserTest" time="51.305" errors="0" timestamp="2025-09-25T20:55:45 EEST">
  <testcase classname="Tests.LogoutUserTest" name="openLoginPage" time="5.441"/>
  <testcase classname="Tests.LogoutUserTest" name="loginUser" time="5.619"/>
  <testcase classname="Tests.LogoutUserTest" name="verifyLogin" time="0.021"/>
  <testcase classname="Tests.LogoutUserTest" name="logoutUser" time="1.683"/>
</testsuite> <!-- LogoutUserTest -->
