<?xml version="1.0" encoding="UTF-8"?>
<!-- Generated by org.testng.reporters.JUnitXMLReporter -->
<testsuite ignored="0" hostname="Todzzi" failures="0" tests="3" name="ProductsPageTest" time="12.187" errors="0" timestamp="2025-09-25T20:58:13 EEST">
  <testcase classname="Tests.ProductsPageTest" name="openHomePage" time="0.057"/>
  <testcase classname="Tests.ProductsPageTest" name="navigateToProductsPage" time="4.706"/>
  <testcase classname="Tests.ProductsPageTest" name="verifyFirstProductDetails" time="1.993"/>
</testsuite> <!-- ProductsPageTest -->
