<?xml version="1.0" encoding="UTF-8"?>
<!-- Generated by org.testng.reporters.JUnitXMLReporter -->
<testsuite ignored="3" hostname="Todzzi" failures="0" tests="3" name="RegisterTests" time="22.806" errors="0" timestamp="2025-09-20T10:35:49 EEST">
  <testcase classname="Base.BaseTest" name="@AfterClass tearDown" time="-1.758353749889E9">
    <failure type="org.testng.TestNGException" message="
Can inject only one of &amp;lt;ITestContext, XmlTest&amp;gt; into a @AfterClass annotated tearDown.
For more information on native dependency injection please refer to https://testng.org/#_dependency_injection">
      <![CDATA[org.testng.TestNGException: 
Can inject only one of <ITestContext, XmlTest> into a @AfterClass annotated tearDown.
For more information on native dependency injection please refer to https://testng.org/#_dependency_injection
at java.base/java.util.ArrayList.forEach(ArrayList.java:1604)
... Removed 27 stack frames]]>
    </failure>
  </testcase> <!-- @AfterClass tearDown -->
  <testcase classname="Tests.RegisterUserTest" name="openSignupPage" time="1.54"/>
  <testcase classname="Tests.RegisterUserTest" name="createNewAccount" time="11.335"/>
  <testcase classname="Tests.RegisterUserTest" name="verifyAndDeleteAccount" time="1.183"/>
  <testcase classname="Tests.LoginUserTest" name="openLoginPage" time="0.0">
    <ignored/>
  </testcase> <!-- openLoginPage -->
  <testcase classname="Tests.LoginUserTest" name="verifyLoginAndDeleteAccount" time="0.0">
    <ignored/>
  </testcase> <!-- verifyLoginAndDeleteAccount -->
  <testcase classname="Tests.LoginUserTest" name="loginUser" time="0.0">
    <ignored/>
  </testcase> <!-- loginUser -->
</testsuite> <!-- RegisterTests -->
