<?xml version="1.0" encoding="UTF-8"?>
<!-- Generated by org.testng.reporters.JUnitXMLReporter -->
<testsuite ignored="0" hostname="Todzzi" failures="0" tests="2" name="RegisterExistingEmailTest" time="38.046" errors="0" timestamp="2025-09-25T20:56:23 EEST">
  <testcase classname="Tests.RegisterExistingEmailTest" name="openSignupPage" time="1.632"/>
  <testcase classname="Tests.RegisterExistingEmailTest" name="registerWithExistingEmail" time="1.348"/>
</testsuite> <!-- RegisterExistingEmailTest -->
