<?xml version="1.0" encoding="UTF-8"?>
<!-- Generated by org.testng.reporters.JUnitXMLReporter -->
<testsuite ignored="0" hostname="Todzzi" failures="0" tests="3" name="SearchProductTest" time="41.856" errors="0" timestamp="2025-09-25T20:58:55 EEST">
  <testcase classname="Tests.SearchProductTest" name="openHomePage" time="0.026"/>
  <testcase classname="Tests.SearchProductTest" name="navigateToProductsPage" time="26.476"/>
  <testcase classname="Tests.SearchProductTest" name="searchProduct" time="4.949"/>
</testsuite> <!-- SearchProductTest -->
