<?xml version="1.0" encoding="UTF-8"?>
<!-- Generated by org.testng.reporters.JUnitXMLReporter -->
<testsuite ignored="4" hostname="Todzzi" failures="0" tests="2" name="SmokeTests" time="26.2" errors="0" timestamp="2025-09-20T10:26:07 EEST">
  <testcase classname="Tests.LoginUserTest" name="openLoginPage" time="1.7"/>
  <testcase classname="Tests.RegisterUserTest" name="openSignupPage" time="2.615"/>
  <testcase classname="Tests.RegisterUserTest" name="verifyAndDeleteAccount" time="0.0">
    <ignored/>
  </testcase> <!-- verifyAndDeleteAccount -->
  <testcase classname="Tests.LoginUserTest" name="loginUser" time="0.0">
    <ignored/>
  </testcase> <!-- loginUser -->
  <testcase classname="Tests.LoginUserTest" name="verifyLoginAndDeleteAccount" time="0.0">
    <ignored/>
  </testcase> <!-- verifyLoginAndDeleteAccount -->
  <testcase classname="Tests.RegisterUserTest" name="createNewAccount" time="0.0">
    <ignored/>
  </testcase> <!-- createNewAccount -->
</testsuite> <!-- SmokeTests -->
