<?xml version="1.0" encoding="UTF-8"?>
<testng-results ignored="0" total="1" passed="1" failed="0" skipped="0">
  <reporter-output>
  </reporter-output>
  <suite started-at="2025-09-25T20:43:31 EEST" name="AutomationExerciseSuite" finished-at="2025-09-25T20:43:46 EEST" duration-ms="15046">
    <groups>
    </groups>
    <test started-at="2025-09-25T20:43:31 EEST" name="CartTest" finished-at="2025-09-25T20:43:46 EEST" duration-ms="15046">
      <class name="Tests.CartTest">
        <test-method is-config="true" signature="setUp()[pri:0, instance:Tests.CartTest@65c7a252]" started-at="2025-09-25T20:43:31 EEST" name="setUp" finished-at="2025-09-25T20:43:38 EEST" duration-ms="6838" status="PASS">
          <reporter-output>
          </reporter-output>
        </test-method> <!-- setUp -->
        <test-method signature="addProductsToCart()[pri:0, instance:Tests.CartTest@65c7a252]" started-at="2025-09-25T20:43:38 EEST" name="addProductsToCart" description="Add products to cart and verify" finished-at="2025-09-25T20:43:46 EEST" duration-ms="7853" status="PASS">
          <reporter-output>
          </reporter-output>
        </test-method> <!-- addProductsToCart -->
        <test-method is-config="true" signature="captureScreenshotOnFailure(org.testng.ITestResult)[pri:0, instance:Tests.CartTest@65c7a252]" started-at="2025-09-25T20:43:46 EEST" name="captureScreenshotOnFailure" finished-at="2025-09-25T20:43:46 EEST" duration-ms="4" status="PASS">
          <params>
            <param index="0">
              <value>
                <![CDATA[[TestResult name=addProductsToCart status=SUCCESS method=CartTest.addProductsToCart()[pri:0, instance:Tests.CartTest@65c7a252] output={null}]]]>
              </value>
            </param>
          </params>
          <reporter-output>
          </reporter-output>
        </test-method> <!-- captureScreenshotOnFailure -->
        <test-method is-config="true" signature="tearDown()[pri:0, instance:Tests.CartTest@65c7a252]" started-at="2025-09-25T20:43:46 EEST" name="tearDown" finished-at="2025-09-25T20:43:46 EEST" duration-ms="199" status="PASS">
          <reporter-output>
          </reporter-output>
        </test-method> <!-- tearDown -->
      </class> <!-- Tests.CartTest -->
    </test> <!-- CartTest -->
  </suite> <!-- AutomationExerciseSuite -->
</testng-results>
